TN:
SF:src/main.js
FN:1,rand
FN:3,qs
FN:13,get
FN:16,sprite
FN:19,newRound
FNF:5
FNH:4
FNDA:2,rand
FNDA:6,qs
FNDA:1,get
FNDA:0,sprite
FNDA:1,newRound
DA:1,1
DA:3,1
DA:4,1
DA:5,1
DA:6,1
DA:7,1
DA:8,1
DA:9,1
DA:11,1
DA:13,1
DA:14,1
DA:16,1
DA:17,1
DA:19,1
DA:20,1
DA:21,1
DA:22,1
DA:23,1
DA:24,1
DA:26,1
DA:27,0
DA:29,0
DA:30,0
DA:32,0
DA:33,0
DA:34,0
DA:35,0
DA:37,1
DA:38,0
DA:40,0
DA:41,0
DA:42,0
DA:44,0
DA:45,0
DA:46,0
DA:48,0
DA:49,0
DA:50,0
DA:51,0
DA:53,0
DA:54,0
DA:55,0
DA:56,0
DA:57,0
DA:58,0
DA:60,0
DA:61,0
DA:62,0
DA:63,0
DA:64,0
DA:65,1
DA:67,1
LF:52
LH:23
BRDA:1,0,0,2
BRDA:3,1,0,6
BRDA:13,2,0,1
BRDA:19,3,0,1
BRDA:26,4,0,0
BRF:5
BRH:4
end_of_record
